{"content": {"suites": {"0": {"status": {"total_pass": 6, "total_skip": 0, "total_xpass": 0, "total_xfail": 0, "total_rerun": 0, "total_fail": 4, "total_error": 0}, "tests": {"0": {"status": "FAIL", "message": "       FileNotFoundError: [Errno 2] No such file\n", "test_name": "test_step1", "rerun": "0"}, "1": {"status": "FAIL", "message": "   AssertionError: test2 FAIL\n   assert (True and False)\n", "test_name": "test_step2", "rerun": "0"}, "2": {"status": "PASS", "message": "", "test_name": "test_step3", "rerun": "0"}, "3": {"status": "PASS", "message": "", "test_name": "test_step4", "rerun": "0"}, "4": {"status": "PASS", "message": "", "test_name": "test_step5", "rerun": "0"}, "5": {"status": "FAIL", "message": "   AssertionError: test6 FAIL\n   assert False\n    +  where False = all([True, False, False, False, False, False])\n", "test_name": "test_step6", "rerun": "0"}, "6": {"status": "FAIL", "message": "   TypeError: ssh_checkout() missing 1 required positional argument: 'text'\n", "test_name": "test_step7", "rerun": "0"}, "7": {"status": "PASS", "message": "", "test_name": "test_step8", "rerun": "0"}, "8": {"status": "PASS", "message": "", "test_name": "test_step9", "rerun": "0"}, "9": {"status": "PASS", "message": "", "test_name": "test_step10", "rerun": "0"}}, "suite_name": "test_1.py"}, "1": {"suite_name": "test_2.py", "tests": {"0": {"status": "FAIL", "message": "   AssertionError: test1 FAIL\n   assert False\n    +  where False = ssh_checkout_negative('127.0.0.1', 'user2', '11', 'cd /home/user2/out; 7z e arxbad.7z -o/home/user2/folder1 -y', 'ERROR:')\n", "test_name": "test_nstep1", "rerun": "0"}, "1": {"status": "FAIL", "message": "   AssertionError: test2 FAIL\n   assert False\n    +  where False = ssh_checkout_negative('127.0.0.1', 'user2', '11', 'cd /home/user2/out; 7z t arxbad.7z', 'ERROR:')\n", "test_name": "test_nstep2", "rerun": "0"}, "2": {"status": "FAIL", "message": "   AssertionError: test3 FAIL\n   assert False\n    +  where False = all([False, True])\n", "test_name": "test_nstep3", "rerun": "0"}}, "status": {"total_pass": 0, "total_skip": 0, "total_xpass": 0, "total_xfail": 0, "total_rerun": 0, "total_fail": 3, "total_error": 0}}}}, "date": "March 20, 2024", "start_time": 1710949884.3321416, "total_suite": 2, "status": "FAIL", "status_list": {"pass": "6", "fail": "7", "skip": "0", "error": "0", "xpass": "0", "xfail": "0", "rerun": "0"}, "total_tests": "13"}